<?xml version="1.0" encoding="UTF-8"?>
<!-- Generated by org.testng.reporters.JUnitReportReporter -->
<testsuite hostname="GAURI" failures="0" tests="1" name="com.crm.TestCases.CreateOrganizationWithIndustries" time="13.963" errors="0" timestamp="2024-07-31T16:11:35 IST" skipped="0">
  <testcase classname="com.crm.TestCases.CreateOrganizationWithIndustries" name="testCase" time="13.963">
    <system-out>
      <![CDATA[testCaseis Executed]]>
    </system-out>
  </testcase> <!-- testCase -->
  <system-out>
    <![CDATA[testCaseis Executed
createOrganizationis Executed
createContactis Executed]]>
  </system-out>
</testsuite> <!-- com.crm.TestCases.CreateOrganizationWithIndustries -->
