<?xml version="1.0" encoding="UTF-8"?>
<!-- Generated by org.testng.reporters.JUnitReportReporter -->
<testsuite hostname="GAURI" failures="0" tests="1" name="com.crm.TestCases.CreateOrganization" time="13.410" errors="0" timestamp="2024-07-31T16:11:35 IST" skipped="0">
  <testcase classname="com.crm.TestCases.CreateOrganization" name="createOrganization" time="13.410">
    <system-out>
      <![CDATA[createOrganizationis Executed]]>
    </system-out>
  </testcase> <!-- createOrganization -->
  <system-out>
    <![CDATA[testCaseis Executed
createOrganizationis Executed
createContactis Executed]]>
  </system-out>
</testsuite> <!-- com.crm.TestCases.CreateOrganization -->
