<?xml version="1.0" encoding="UTF-8"?>
<!-- Generated by org.testng.reporters.JUnitReportReporter -->
<testsuite hostname="GAURI" failures="0" tests="1" name="com.crm.TestCases.CreateContactWithDate" time="13.749" errors="0" timestamp="2024-07-31T16:32:01 IST" skipped="0">
  <testcase classname="com.crm.TestCases.CreateContactWithDate" name="createContact" time="13.749"/>
</testsuite> <!-- com.crm.TestCases.CreateContactWithDate -->
